<?xml version="1.0" encoding="UTF-8"?>
<!-- Generated by org.testng.reporters.JUnitReportReporter -->
<testsuite hostname="Basavaraj" failures="0" tests="1" name="TestScripts.Product_Wishlist" time="6.038" errors="0" timestamp="2024-07-26T13:04:52 IST" skipped="0">
  <testcase classname="TestScripts.Product_Wishlist" name="Verify_User_is_Able_To_Add_Product_to_Wishlist" time="6.038"/>
  <system-out/>
</testsuite> <!-- TestScripts.Product_Wishlist -->
